<?xml version="1.0" encoding="UTF-8"?>
<testsuite name="co.com.qvision.login.runners.GoogleTranslateRunner" tests="0" skipped="0" failures="0" errors="0" timestamp="1970-01-01T00:00:00" hostname="GS-0134" time="0.0">
  <properties/>
  <system-out><![CDATA[
?[33mUndefined scenarios:?[0m
file:///C:/Users/GS-0134/Desktop/Selenium%20con%20POM/untitled%20-%20copia/src/test/resources/features/googletranslate.feature:6 # Translate from English to Spanish

1 Scenarios (?[33m1 undefined?[0m)
3 Steps (?[36m2 skipped?[0m, ?[33m1 undefined?[0m)
0m1,214s


You can implement missing steps with the snippets below:

@Given("that Susan wants to translate a word")
public void thatSusanWantsToTranslateAWord() {
    // Write code here that turns the phrase above into concrete actions
    throw new io.cucumber.java.PendingException();
}

@When("she translates the word cheese from English to Spanish")
public void sheTranslatesTheWordCheeseFromEnglishToSpanish() {
    // Write code here that turns the phrase above into concrete actions
    throw new io.cucumber.java.PendingException();
}

@Then("she should see the word queso in the screen")
public void sheShouldSeeTheWordQuesoInTheScreen() {
    // Write code here that turns the phrase above into concrete actions
    throw new io.cucumber.java.PendingException();
}


]]></system-out>
  <system-err><![CDATA[[Test worker] INFO io.cucumber.core.plugin.SerenityReporter - Running feature from file:///C:/Users/GS-0134/Desktop/Selenium%20con%20POM/untitled%20-%20copia/src/test/resources/features/googletranslate.feature
[Test worker] INFO  - 

-------------------------------------------------------------------------------------
     _______. _______ .______       _______ .__   __.  __  .___________.____    ____ 
    /       ||   ____||   _  \     |   ____||  \ |  | |  | |           |\   \  /   / 
   |   (----`|  |__   |  |_)  |    |  |__   |   \|  | |  | `---|  |----` \   \/   /  
    \   \    |   __|  |      /     |   __|  |  . `  | |  |     |  |       \_    _/   
.----)   |   |  |____ |  |\  \----.|  |____ |  |\   | |  |     |  |         |  |     
|_______/    |_______|| _| `._____||_______||__| \__| |__|     |__|         |__|    
                                                                                     
 News and tutorials at http://www.serenity-bdd.info                                  
 Documentation at https://wakaleo.gitbooks.io/the-serenity-book/content/             
 Join the Serenity Community on Gitter: https://gitter.im/serenity-bdd/serenity-core 
 Serenity BDD Support and Training at http://serenity-bdd.info/#/trainingandsupport  
-------------------------------------------------------------------------------------

[Test worker] INFO  - Test Suite Started: Google Translate
[pool-1-thread-1] INFO net.thucydides.core.reports.ReportService - net.thucydides.core.reports.json.JSONTestOutcomeReporter@a53bb6f: Generating report for test outcome: Google Translate:Translate from English to Spanish
[pool-2-thread-1] INFO net.thucydides.core.reports.ReportService - net.thucydides.core.reports.html.HtmlAcceptanceTestReporter@3bd55d8: Generating report for test outcome: Google Translate:Translate from English to Spanish
[Test worker] INFO io.cucumber.core.plugin.SerenityReporter - Cleanup test resources for URI file:///C:/Users/GS-0134/Desktop/Selenium%20con%20POM/untitled%20-%20copia/src/test/resources/features/googletranslate.feature
]]></system-err>
</testsuite>
